<?xml version="1.0" encoding="UTF-8"?>
<testng-results ignored="0" total="1" passed="1" failed="0" skipped="0">
  <reporter-output>
  </reporter-output>
  <suite started-at="2025-08-12T13:30:15 EDT" name="Suite" finished-at="2025-08-12T13:30:30 EDT" duration-ms="15523">
    <groups>
    </groups>
    <test started-at="2025-08-12T13:30:15 EDT" name="Test" finished-at="2025-08-12T13:30:30 EDT" duration-ms="15523">
      <class name="testcases.LoginTest">
        <test-method is-config="true" signature="beforeTestSetup()[pri:0, instance:testcases.LoginTest@6025e1b6]" started-at="2025-08-12T13:30:15 EDT" name="beforeTestSetup" finished-at="2025-08-12T13:30:15 EDT" duration-ms="296" status="PASS">
          <reporter-output>
          </reporter-output>
        </test-method> <!-- beforeTestSetup -->
        <test-method is-config="true" signature="setUp(java.lang.String,java.lang.reflect.Method)[pri:0, instance:testcases.LoginTest@6025e1b6]" started-at="2025-08-12T13:30:15 EDT" name="setUp" finished-at="2025-08-12T13:30:24 EDT" duration-ms="9252" status="PASS">
          <params>
            <param index="0">
              <value>
                <![CDATA[chrome]]>
              </value>
            </param>
            <param index="1">
              <value>
                <![CDATA[public void testcases.LoginTest.loginTest() throws java.lang.InterruptedException]]>
              </value>
            </param>
          </params>
          <reporter-output>
          </reporter-output>
        </test-method> <!-- setUp -->
        <test-method signature="loginTest()[pri:0, instance:testcases.LoginTest@6025e1b6]" started-at="2025-08-12T13:30:24 EDT" name="loginTest" finished-at="2025-08-12T13:30:30 EDT" duration-ms="5358" status="PASS">
          <reporter-output>
          </reporter-output>
        </test-method> <!-- loginTest -->
        <test-method is-config="true" signature="tearDown(org.testng.ITestResult)[pri:0, instance:testcases.LoginTest@6025e1b6]" started-at="2025-08-12T13:30:30 EDT" name="tearDown" finished-at="2025-08-12T13:30:30 EDT" duration-ms="135" status="PASS">
          <params>
            <param index="0">
              <value>
                <![CDATA[[TestResult name=loginTest status=SUCCESS method=LoginTest.loginTest()[pri:0, instance:testcases.LoginTest@6025e1b6] output={null}]]]>
              </value>
            </param>
          </params>
          <reporter-output>
          </reporter-output>
        </test-method> <!-- tearDown -->
        <test-method is-config="true" signature="closeReport()[pri:0, instance:testcases.LoginTest@6025e1b6]" started-at="2025-08-12T13:30:30 EDT" name="closeReport" finished-at="2025-08-12T13:30:30 EDT" duration-ms="433" status="PASS">
          <reporter-output>
          </reporter-output>
        </test-method> <!-- closeReport -->
      </class> <!-- testcases.LoginTest -->
    </test> <!-- Test -->
  </suite> <!-- Suite -->
</testng-results>
